<?xml version="1.0" encoding="UTF-8"?>
<!-- Generated by org.testng.reporters.JUnitXMLReporter -->
<testsuite hostname="DESKTOP-8JB3THL" ignored="0" name="BankingApp Test" tests="2" failures="0" timestamp="01 Feb 2020 16:59:54 GMT" time="64.49" errors="0">
  <testcase name="loginTest" time="3.281" classname="com.inetbanking.testCases.TC_LoginTest_001"/>
  <testcase name="addNewCustomer" time="20.933" classname="com.inetbanking.testCases.TC_AddCustomerTest_003"/>
</testsuite> <!-- BankingApp Test -->
